<?xml version="1.0" encoding="UTF-8"?>
<testng-results skipped="0" failed="0" ignored="0" total="1" passed="1">
  <reporter-output>
  </reporter-output>
  <suite name="Suite" duration-ms="23770" started-at="2020-04-29T10:10:10Z" finished-at="2020-04-29T10:10:33Z">
    <groups>
    </groups>
    <test name="Test" duration-ms="23770" started-at="2020-04-29T10:10:10Z" finished-at="2020-04-29T10:10:33Z">
      <class name="com.automation.testcases.LoginTest">
        <test-method status="PASS" signature="setup()[pri:0, instance:com.automation.testcases.LoginTest@12d3a4e9]" name="setup" is-config="true" duration-ms="11314" started-at="2020-04-29T20:10:10Z" finished-at="2020-04-29T20:10:21Z">
          <reporter-output>
          </reporter-output>
        </test-method> <!-- setup -->
        <test-method status="PASS" signature="loginApp()[pri:0, instance:com.automation.testcases.LoginTest@12d3a4e9]" name="loginApp" duration-ms="11712" started-at="2020-04-29T20:10:21Z" finished-at="2020-04-29T20:10:33Z">
          <reporter-output>
          </reporter-output>
        </test-method> <!-- loginApp -->
        <test-method status="PASS" signature="tearDownMethod(org.testng.ITestResult)[pri:0, instance:com.automation.testcases.LoginTest@12d3a4e9]" name="tearDownMethod" is-config="true" duration-ms="2" started-at="2020-04-29T20:10:33Z" finished-at="2020-04-29T20:10:33Z">
          <params>
            <param index="0">
              <value>
                <![CDATA[[TestResult name=loginApp status=SUCCESS method=LoginTest.loginApp()[pri:0, instance:com.automation.testcases.LoginTest@12d3a4e9] output={null}]]]>
              </value>
            </param>
          </params>
          <reporter-output>
          </reporter-output>
        </test-method> <!-- tearDownMethod -->
        <test-method status="PASS" signature="closebrowser()[pri:0, instance:com.automation.testcases.LoginTest@12d3a4e9]" name="closebrowser" is-config="true" duration-ms="713" started-at="2020-04-29T20:10:33Z" finished-at="2020-04-29T20:10:33Z">
          <reporter-output>
          </reporter-output>
        </test-method> <!-- closebrowser -->
      </class> <!-- com.automation.testcases.LoginTest -->
    </test> <!-- Test -->
  </suite> <!-- Suite -->
</testng-results>
